INFO:Crawler:Starting crawl for: https://google.com
INFO:Crawler:Processing URL: https://google.com
INFO:_Tri.py:Informations de https://google.com récupérée.
INFO:Crawler:Starting crawl for: https://google.com
INFO:Crawler:Processing URL: https://google.com
INFO:Crawler:Finished crawling all URLs.
INFO:Crawler:Finished crawling process.
INFO:Crawler:Starting crawl for: https://google.com
INFO:Crawler:Processing URL: https://google.com
INFO:Crawler:Finished crawling all URLs.
INFO:Crawler:Finished crawling process.
INFO:Crawler:Starting crawl for: https://google.com
INFO:Crawler:Processing URL: https://google.com
INFO:Crawler:Finished crawling all URLs.
INFO:Crawler:Finished crawling process.
INFO:Crawler:Starting crawl for: https://google.com
INFO:Crawler:Processing URL: https://google.com
INFO:Crawler:Finished crawling all URLs.
INFO:Crawler:Finished crawling process.
INFO:Crawler:Starting crawl for: https://google.com
INFO:Crawler:Processing URL: https://google.com
INFO:Crawler:Finished crawling all URLs.
INFO:Crawler:Finished crawling process.
INFO:Crawler:Starting crawl for: https://google.com
INFO:Crawler:Processing URL: https://google.com
INFO:Crawler:Finished crawling all URLs.
INFO:Crawler:Finished crawling process.
INFO:Crawler:Starting crawl for: https://google.com
INFO:Crawler:Processing URL: https://google.com
INFO:Crawler:Finished crawling all URLs.
INFO:Crawler:Finished crawling process.
INFO:Crawler:Starting crawl for: https://google.com
INFO:Crawler:Processing URL: https://google.com
INFO:Crawler:Finished crawling all URLs.
INFO:Crawler:Finished crawling process.
INFO:Crawler:Starting crawl for: https://google.com
INFO:Crawler:Processing URL: https://google.com
INFO:Crawler:Finished crawling all URLs.
INFO:Crawler:Finished crawling process.
INFO:Crawler:Starting crawl for: https://google.com
INFO:Crawler:Processing URL: https://google.com
INFO:Crawler:Finished crawling all URLs.
INFO:Crawler:Finished crawling process.
INFO:Crawler:Starting crawl for: https://google.com
INFO:Crawler:Processing URL: https://google.com
INFO:Crawler:Finished crawling all URLs.
INFO:Crawler:Finished crawling process.
INFO:Crawler:Starting crawl for: https://google.com
INFO:Crawler:Processing URL: https://google.com
INFO:Crawler:Finished crawling all URLs.
INFO:Crawler:Finished crawling process.
INFO:Crawler:Starting crawl for: https://google.com
INFO:Crawler:Processing URL: https://google.com
INFO:Crawler:Finished crawling all URLs.
INFO:Crawler:Finished crawling process.
INFO:Crawler:Starting crawl for: https://google.com
INFO:Crawler:Processing URL: https://google.com
INFO:Crawler:Finished crawling all URLs.
INFO:Crawler:Finished crawling process.
INFO:Crawler:Starting crawl for: https://google.com
INFO:Crawler:Processing URL: https://google.com
INFO:Crawler:Finished crawling all URLs.
INFO:Crawler:Finished crawling process.
INFO:Crawler:Starting crawl for: https://google.com
INFO:Crawler:Processing URL: https://google.com
INFO:Crawler:Finished crawling all URLs.
INFO:Crawler:Finished crawling process.
INFO:Crawler:Starting crawl for: https://google.com
INFO:Crawler:Processing URL: https://google.com
INFO:Crawler:Finished crawling all URLs.
INFO:Crawler:Finished crawling process.
INFO:Crawler:Starting crawl for: https://google.com
INFO:Crawler:Processing URL: https://google.com
INFO:Crawler:Finished crawling all URLs.
INFO:Crawler:Finished crawling process.
